#
# There is insufficient memory for the Java Runtime Environment to continue.
# Native memory allocation (mmap) failed to map 134217728 bytes for Failed to commit area from 0x0000000080000000 to 0x0000000088000000 of length 134217728.
# Possible reasons:
#   The system is out of physical RAM or swap space
#   The process is running with CompressedOops enabled, and the Java Heap may be blocking the growth of the native heap
# Possible solutions:
#   Reduce memory load on the system
#   Increase physical memory or swap space
#   Check if swap backing store is full
#   Decrease Java heap size (-Xmx/-Xms)
#   Decrease number of Java threads
#   Decrease Java thread stack sizes (-Xss)
#   Set larger code cache with -XX:ReservedCodeCacheSize=
# This output file may be truncated or incomplete.
#
#  Out of Memory Error (./src/hotspot/os/windows/os_windows.cpp:3390), pid=1800, tid=8916
#
# JRE version:  (11.0.15+9) (build )
# Java VM: OpenJDK 64-Bit Server VM (11.0.15+9-LTS, mixed mode, sharing, tiered, compressed oops, g1 gc, windows-amd64)
# No core dump will be written. Minidumps are not enabled by default on client versions of Windows
#

---------------  S U M M A R Y ------------

Command Line: C:\Users\79775\AppData\Local\Temp\surefire13633740908416915875\surefirebooter1815385809422926547.jar C:\Users\79775\AppData\Local\Temp\surefire13633740908416915875 2022-06-17T21-25-01_334-jvmRun1 surefire13492155090785192265tmp surefire_07728891347421349861tmp

Host: AMD FX(tm)-4300 Quad-Core Processor            , 4 cores, 7G,  Windows 10 , 64 bit Build 19041 (10.0.19041.1741)
Time: Fri Jun 17 21:25:02 2022 RTZ 2 (s 10 , 64 bit Build 19041 (10.0.19041.1741) elapsed time: 0.102944 seconds (0d 0h 0m 0s)

---------------  T H R E A D  ---------------

Current thread (0x000001b01be3a000):  JavaThread "Unknown thread" [_thread_in_vm, id=8916, stack(0x0000005059b00000,0x0000005059c00000)]

Stack: [0x0000005059b00000,0x0000005059c00000]
Native frames: (J=compiled Java code, j=interpreted, Vv=VM code, C=native code)
V  [jvm.dll+0x61e7ba]
V  [jvm.dll+0x7ab749]
V  [jvm.dll+0x7ace38]
V  [jvm.dll+0x7ad513]
V  [jvm.dll+0x24f968]
V  [jvm.dll+0x61ba5a]
V  [jvm.dll+0x6102b5]
V  [jvm.dll+0x30768c]
V  [jvm.dll+0x307512]
V  [jvm.dll+0x30c226]
V  [jvm.dll+0x3528cf]
V  [jvm.dll+0x352300]
V  [jvm.dll+0x2e4688]
V  [jvm.dll+0x2e57e6]
V  [jvm.dll+0x785597]
V  [jvm.dll+0x786d1f]
V  [jvm.dll+0x35f609]
V  [jvm.dll+0x768530]
V  [jvm.dll+0x3cd0ff]
V  [jvm.dll+0x3cf491]
C  [jli.dll+0x5207]
C  [ucrtbase.dll+0x21bb2]
C  [KERNEL32.DLL+0x17034]
C  [ntdll.dll+0x52651]


---------------  P R O C E S S  ---------------

Threads class SMR info:
_java_thread_list=0x000001b01a52ee20, length=0, elements={
}

Java Threads: ( => current thread )

Other Threads:
  0x000001b01be53000 GCTaskThread "GC Thread#0" [stack: 0x0000005059c00000,0x0000005059d00000] [id=1328]
  0x000001b01be83000 ConcurrentGCThread "G1 Main Marker" [stack: 0x0000005059d00000,0x0000005059e00000] [id=14516]
  0x000001b01be85000 ConcurrentGCThread "G1 Conc#0" [stack: 0x0000005059e00000,0x0000005059f00000] [id=14936]

[error occurred during error reporting (printing all threads), id 0xc0000005, EXCEPTION_ACCESS_VIOLATION (0xc0000005) at pc=0x00007ffa389e3e57]

VM state:not at safepoint (not fully initialized)

VM Mutex/Monitor currently owned by a thread:  ([mutex/lock_event])
[0x000001b01be360b0] Heap_lock - owner thread: 0x000001b01be3a000

Heap address: 0x0000000080000000, size: 2048 MB, Compressed Oops mode: Non-zero based: 0x0000000080000000
Narrow klass base: 0x0000000000000000, Narrow klass shift: 0

GC Heap History (0 events):
No events

Deoptimization events (0 events):
No events

Classes redefined (0 events):
No events

Internal exceptions (0 events):
No events

Events (1 events):
Event: 0.009 Loaded shared library C:\Users\79775\.jdks\corretto-11.0.15\bin\zip.dll


Dynamic libraries:
0x00007ff67af70000 - 0x00007ff67af7d000 	C:\Users\79775\.jdks\corretto-11.0.15\bin\java.exe
0x00007ffa720b0000 - 0x00007ffa722a7000 	C:\WINDOWS\SYSTEM32\ntdll.dll
0x00007ffa71920000 - 0x00007ffa719dd000 	C:\WINDOWS\System32\KERNEL32.DLL
0x00007ffa6f7d0000 - 0x00007ffa6fa9d000 	C:\WINDOWS\System32\KERNELBASE.dll
0x00007ffa6fb40000 - 0x00007ffa6fc40000 	C:\WINDOWS\System32\ucrtbase.dll
0x00007ffa4f110000 - 0x00007ffa4f129000 	C:\Users\79775\.jdks\corretto-11.0.15\bin\VCRUNTIME140.dll
0x00007ffa4e880000 - 0x00007ffa4e897000 	C:\Users\79775\.jdks\corretto-11.0.15\bin\jli.dll
0x00007ffa71350000 - 0x00007ffa714f0000 	C:\WINDOWS\System32\USER32.dll
0x00007ffa6ffb0000 - 0x00007ffa6ffd2000 	C:\WINDOWS\System32\win32u.dll
0x00007ffa64c20000 - 0x00007ffa64eba000 	C:\WINDOWS\WinSxS\amd64_microsoft.windows.common-controls_6595b64144ccf1df_6.0.19041.1110_none_60b5254171f9507e\COMCTL32.dll
0x00007ffa71f20000 - 0x00007ffa71f4a000 	C:\WINDOWS\System32\GDI32.dll
0x00007ffa70a00000 - 0x00007ffa70a9e000 	C:\WINDOWS\System32\msvcrt.dll
0x00007ffa6fc40000 - 0x00007ffa6fd4b000 	C:\WINDOWS\System32\gdi32full.dll
0x00007ffa6faa0000 - 0x00007ffa6fb3d000 	C:\WINDOWS\System32\msvcp_win.dll
0x00007ffa70110000 - 0x00007ffa70140000 	C:\WINDOWS\System32\IMM32.DLL
0x00007ffa49d80000 - 0x00007ffa49e1b000 	C:\Users\79775\.jdks\corretto-11.0.15\bin\msvcp140.dll
0x00007ffa386f0000 - 0x00007ffa39273000 	C:\Users\79775\.jdks\corretto-11.0.15\bin\server\jvm.dll
0x00007ffa70480000 - 0x00007ffa7052e000 	C:\WINDOWS\System32\ADVAPI32.dll
0x00007ffa71710000 - 0x00007ffa717ac000 	C:\WINDOWS\System32\sechost.dll
0x00007ffa71570000 - 0x00007ffa71695000 	C:\WINDOWS\System32\RPCRT4.dll
0x00007ffa71880000 - 0x00007ffa71888000 	C:\WINDOWS\System32\PSAPI.DLL
0x00007ffa63e50000 - 0x00007ffa63e77000 	C:\WINDOWS\SYSTEM32\WINMM.dll
0x00007ffa54b10000 - 0x00007ffa54b19000 	C:\WINDOWS\SYSTEM32\WSOCK32.dll
0x00007ffa716a0000 - 0x00007ffa7170b000 	C:\WINDOWS\System32\WS2_32.dll
0x00007ffa68dd0000 - 0x00007ffa68dda000 	C:\WINDOWS\SYSTEM32\VERSION.dll
0x00007ffa6e1d0000 - 0x00007ffa6e1e2000 	C:\WINDOWS\SYSTEM32\kernel.appcore.dll
0x00007ffa56250000 - 0x00007ffa56260000 	C:\Users\79775\.jdks\corretto-11.0.15\bin\verify.dll
0x00007ffa6d550000 - 0x00007ffa6d734000 	C:\WINDOWS\SYSTEM32\DBGHELP.DLL
0x00007ffa56170000 - 0x00007ffa5619c000 	C:\WINDOWS\SYSTEM32\dbgcore.DLL
0x00007ffa6feb0000 - 0x00007ffa6ff32000 	C:\WINDOWS\System32\bcryptPrimitives.dll
0x00007ffa4dc70000 - 0x00007ffa4dc98000 	C:\Users\79775\.jdks\corretto-11.0.15\bin\java.dll
0x00007ffa546e0000 - 0x00007ffa546ea000 	C:\Users\79775\.jdks\corretto-11.0.15\bin\jimage.dll
0x00007ffa4db70000 - 0x00007ffa4db88000 	C:\Users\79775\.jdks\corretto-11.0.15\bin\zip.dll

dbghelp: loaded successfully - version: 4.0.5 - missing functions: none
symbol engine: initialized successfully - sym options: 0x614 - pdb path: .;C:\Users\79775\.jdks\corretto-11.0.15\bin;C:\WINDOWS\SYSTEM32;C:\WINDOWS\WinSxS\amd64_microsoft.windows.common-controls_6595b64144ccf1df_6.0.19041.1110_none_60b5254171f9507e;C:\Users\79775\.jdks\corretto-11.0.15\bin\server

VM Arguments:
java_command: C:\Users\79775\AppData\Local\Temp\surefire13633740908416915875\surefirebooter1815385809422926547.jar C:\Users\79775\AppData\Local\Temp\surefire13633740908416915875 2022-06-17T21-25-01_334-jvmRun1 surefire13492155090785192265tmp surefire_07728891347421349861tmp
java_class_path (initial): C:\Users\79775\AppData\Local\Temp\surefire13633740908416915875\surefirebooter1815385809422926547.jar
Launcher Type: SUN_STANDARD

[Global flags]
     intx CICompilerCount                          = 3                                         {product} {ergonomic}
     uint ConcGCThreads                            = 1                                         {product} {ergonomic}
     uint G1ConcRefinementThreads                  = 4                                         {product} {ergonomic}
   size_t G1HeapRegionSize                         = 1048576                                   {product} {ergonomic}
    uintx GCDrainStackTargetSize                   = 64                                        {product} {ergonomic}
   size_t InitialHeapSize                          = 134217728                                 {product} {ergonomic}
   size_t MarkStackSize                            = 4194304                                   {product} {ergonomic}
   size_t MaxHeapSize                              = 2147483648                                {product} {ergonomic}
   size_t MinHeapDeltaBytes                        = 1048576                                   {product} {ergonomic}
    uintx NonNMethodCodeHeapSize                   = 5830732                                {pd product} {ergonomic}
    uintx NonProfiledCodeHeapSize                  = 122913754                              {pd product} {ergonomic}
    uintx ProfiledCodeHeapSize                     = 122913754                              {pd product} {ergonomic}
    uintx ReservedCodeCacheSize                    = 251658240                              {pd product} {ergonomic}
     bool SegmentedCodeCache                       = true                                      {product} {ergonomic}
     bool UseCompressedClassPointers               = true                                 {lp64_product} {ergonomic}
     bool UseCompressedOops                        = true                                 {lp64_product} {ergonomic}
     bool UseG1GC                                  = true                                      {product} {ergonomic}
     bool UseLargePagesIndividualAllocation        = false                                  {pd product} {ergonomic}

Logging:
Log output configuration:
 #0: stdout all=warning uptime,level,tags
 #1: stderr all=off uptime,level,tags

Environment Variables:
PATH=C:\ProgramData\Oracle\Java\javapath;C:\Program Files\Common Files\Oracle\Java\javapath;C:\WINDOWS\system32;C:\WINDOWS;C:\WINDOWS\System32\Wbem;C:\WINDOWS\System32\WindowsPowerShell\v1.0\;C:\WINDOWS\System32\OpenSSH\;C:\Program Files\NVIDIA Corporation\NVIDIA NvDLISR;C:\Program Files (x86)\NVIDIA Corporation\PhysX\Common;C:\Program Files (x86)\PICT\;C:\WINDOWS\system32;C:\WINDOWS;C:\WINDOWS\System32\Wbem;C:\WINDOWS\System32\WindowsPowerShell\v1.0\;C:\WINDOWS\System32\OpenSSH\;C:\Program Files\Git\cmd;C:\Users\79775\AppData\Local\Programs\Python\Python38-32\Scripts\;C:\Users\79775\AppData\Local\Programs\Python\Python38-32\;C:\Users\79775\AppData\Local\Microsoft\WindowsApps;"C:\Python27\Scripts;C:\Python37\";;D:\Microsoft VS Code\bin
USERNAME=79775
OS=Windows_NT
PROCESSOR_IDENTIFIER=AMD64 Family 21 Model 2 Stepping 0, AuthenticAMD



---------------  S Y S T E M  ---------------

OS: Windows 10 , 64 bit Build 19041 (10.0.19041.1741)
OS uptime: 0 days 9:15 hours

CPU:total 4 (initial active 4) (4 cores per cpu, 1 threads per core) family 21 model 2 stepping 0 microcode 0x0, cmov, cx8, fxsr, mmx, sse, sse2, sse3, ssse3, sse4.1, sse4.2, popcnt, avx, aes, clmul, mmxext, 3dnowpref, lzcnt, sse4a, tsc, tscinvbit, tscinv, bmi1, fma

Memory: 4k page, system-wide physical 8190M (1298M free)
TotalPageFile size 10790M (AvailPageFile size 5M)
current process WorkingSet (physical memory assigned to process): 9M, peak: 9M
current process commit charge ("private bytes"): 51M, peak: 179M

vm_info: OpenJDK 64-Bit Server VM (11.0.15+9-LTS) for windows-amd64 JRE (11.0.15+9-LTS), built on Apr 15 2022 22:20:31 by "Administrator" with unknown MS VC++:1916

END.
